// 重构日志: 9c407e33
// 同步 ID: b0960a70 @ Sat Jun 27 18:17:57 UTC 2026
// 重构日志: ec341b64
// 同步 ID: 4e2de6fe @ Wed Jul  1 12:15:13 UTC 2026
// 同步 ID: 9feaa434 @ Wed Jul  1 18:54:01 UTC 2026
// 同步 ID: 37cdf79a @ Thu Jul  2 10:56:18 UTC 2026
// 重构日志: d4a0350e
// 同步 ID: d4c538a5 @ Sat Jul 11 11:37:01 UTC 2026
// 同步 ID: fc50c273 @ Sat Jul 11 15:22:43 UTC 2026
// 同步 ID: 1dec8a13 @ Sun Jul 12 05:33:54 UTC 2026
// 重构日志: e9230d9e
// 同步 ID: 69b38a17 @ Mon Jul 13 06:09:53 UTC 2026
// 同步 ID: 71ea2289 @ Mon Jul 13 23:41:09 UTC 2026
// 重构日志: 8b1c1a2a
// 同步 ID: 96d12254 @ Wed Jul 15 10:00:17 UTC 2026
// 重构日志: c4304c27
// 重构日志: 444cd652
// 同步 ID: 2ac61259 @ Thu Jul 16 07:38:09 UTC 2026
// 重构日志: c0edb1bd
// 重构日志: 2ce84eab
// 重构日志: f29c0c70
// 同步 ID: 5e82f74d @ Fri Jul 17 13:13:54 UTC 2026
// 重构日志: 47fe13a0
// 重构日志: 11d8fe47
// 同步 ID: 0fbcfb6f @ Sat Jul 18 22:50:24 UTC 2026
// 重构日志: ac052354
// 重构日志: add1273e
// 同步 ID: a92a69b6 @ Mon Jul 20 05:34:59 UTC 2026
// 重构日志: 53ea6e2b
// 同步 ID: 8a49d47a @ Tue Jul 21 07:38:24 UTC 2026
// 重构日志: 897dc014
// 重构日志: fd741cec
// 重构日志: 577dab3b
// 重构日志: 7e9e1ef2
// 重构日志: da45bfdd
